Info: Starting: Create block symbol file (.bsf)
Info: qsys-generate C:\CPEN391\integration\DE2_115_WiFi_Network_Time\RFS_WiFi.qsys --block-symbol-file --output-directory=C:\CPEN391\integration\DE2_115_WiFi_Network_Time\RFS_WiFi --family="Cyclone V" --part=5CSEMA5F31C6
Progress: Loading DE2_115_WiFi_Network_Time/RFS_WiFi.qsys
Progress: Reading input file
Progress: Adding SEG7_IF_0 [SEG7_IF 1.0]
Progress: Parameterizing module SEG7_IF_0
Progress: Adding a_1DCT_0 [1DCT 1.0]
Progress: Parameterizing module a_1DCT_0
Progress: Adding clk_50 [clock_source 17.0]
Progress: Parameterizing module clk_50
Progress: Adding frame_controller_0 [frame_controller 1.0]
Progress: Parameterizing module frame_controller_0
Progress: Adding get3_0 [get3 1.0]
Progress: Parameterizing module get3_0
Progress: Adding jtag_uart [altera_avalon_jtag_uart 17.0]
Progress: Parameterizing module jtag_uart
Progress: Adding nios2_gen2_0 [altera_nios2_gen2 17.0]
Progress: Parameterizing module nios2_gen2_0
Progress: Adding onchip_memory2 [altera_avalon_onchip_memory2 17.0]
Progress: Parameterizing module onchip_memory2
Progress: Adding pio_key [altera_avalon_pio 17.0]
Progress: Parameterizing module pio_key
Progress: Adding pio_led [altera_avalon_pio 17.0]
Progress: Parameterizing module pio_led
Progress: Adding pio_wifi_reset [altera_avalon_pio 17.0]
Progress: Parameterizing module pio_wifi_reset
Progress: Adding sysid_qsys [altera_avalon_sysid_qsys 17.0]
Progress: Parameterizing module sysid_qsys
Progress: Adding timer [altera_avalon_timer 17.0]
Progress: Parameterizing module timer
Progress: Adding wifi_uart0 [altera_avalon_uart 17.0]
Progress: Parameterizing module wifi_uart0
Progress: Building connections
Progress: Parameterizing connections
Progress: Validating
Progress: Done reading input file
Warning: RFS_WiFi.get3_0: Parameter wait conflicts with a VHDL, verilog or system verilog reserved word
Info: RFS_WiFi.jtag_uart: JTAG UART IP input clock need to be at least double (2x) the operating frequency of JTAG TCK on board
Info: RFS_WiFi.pio_key: PIO inputs are not hardwired in test bench. Undefined values will be read from PIO inputs during simulation.
Info: RFS_WiFi.sysid_qsys: System ID is not assigned automatically. Edit the System ID parameter to provide a unique ID
Info: RFS_WiFi.sysid_qsys: Time stamp will be automatically updated when this component is generated.
Info: qsys-generate succeeded.
Info: Finished: Create block symbol file (.bsf)
Info: 
Info: Starting: Create HDL design files for synthesis
Info: qsys-generate C:\CPEN391\integration\DE2_115_WiFi_Network_Time\RFS_WiFi.qsys --synthesis=VERILOG --output-directory=C:\CPEN391\integration\DE2_115_WiFi_Network_Time\RFS_WiFi\synthesis --family="Cyclone V" --part=5CSEMA5F31C6
Progress: Loading DE2_115_WiFi_Network_Time/RFS_WiFi.qsys
Progress: Reading input file
Progress: Adding SEG7_IF_0 [SEG7_IF 1.0]
Progress: Parameterizing module SEG7_IF_0
Progress: Adding a_1DCT_0 [1DCT 1.0]
Progress: Parameterizing module a_1DCT_0
Progress: Adding clk_50 [clock_source 17.0]
Progress: Parameterizing module clk_50
Progress: Adding frame_controller_0 [frame_controller 1.0]
Progress: Parameterizing module frame_controller_0
Progress: Adding get3_0 [get3 1.0]
Progress: Parameterizing module get3_0
Progress: Adding jtag_uart [altera_avalon_jtag_uart 17.0]
Progress: Parameterizing module jtag_uart
Progress: Adding nios2_gen2_0 [altera_nios2_gen2 17.0]
Progress: Parameterizing module nios2_gen2_0
Progress: Adding onchip_memory2 [altera_avalon_onchip_memory2 17.0]
Progress: Parameterizing module onchip_memory2
Progress: Adding pio_key [altera_avalon_pio 17.0]
Progress: Parameterizing module pio_key
Progress: Adding pio_led [altera_avalon_pio 17.0]
Progress: Parameterizing module pio_led
Progress: Adding pio_wifi_reset [altera_avalon_pio 17.0]
Progress: Parameterizing module pio_wifi_reset
Progress: Adding sysid_qsys [altera_avalon_sysid_qsys 17.0]
Progress: Parameterizing module sysid_qsys
Progress: Adding timer [altera_avalon_timer 17.0]
Progress: Parameterizing module timer
Progress: Adding wifi_uart0 [altera_avalon_uart 17.0]
Progress: Parameterizing module wifi_uart0
Progress: Building connections
Progress: Parameterizing connections
Progress: Validating
Progress: Done reading input file
Warning: RFS_WiFi.get3_0: Parameter wait conflicts with a VHDL, verilog or system verilog reserved word
Info: RFS_WiFi.jtag_uart: JTAG UART IP input clock need to be at least double (2x) the operating frequency of JTAG TCK on board
Info: RFS_WiFi.pio_key: PIO inputs are not hardwired in test bench. Undefined values will be read from PIO inputs during simulation.
Info: RFS_WiFi.sysid_qsys: System ID is not assigned automatically. Edit the System ID parameter to provide a unique ID
Info: RFS_WiFi.sysid_qsys: Time stamp will be automatically updated when this component is generated.
Info: RFS_WiFi: Generating RFS_WiFi "RFS_WiFi" for QUARTUS_SYNTH
Info: SEG7_IF_0: "RFS_WiFi" instantiated SEG7_IF "SEG7_IF_0"
Info: a_1DCT_0: "RFS_WiFi" instantiated 1DCT "a_1DCT_0"
Info: frame_controller_0: "RFS_WiFi" instantiated frame_controller "frame_controller_0"
Info: get3_0: "RFS_WiFi" instantiated get3 "get3_0"
Info: jtag_uart: Starting RTL generation for module 'RFS_WiFi_jtag_uart'
Info: jtag_uart:   Generation command is [exec C:/intelfpga_lite/17.0/quartus/bin64/perl/bin/perl.exe -I C:/intelfpga_lite/17.0/quartus/bin64/perl/lib -I C:/intelfpga_lite/17.0/quartus/sopc_builder/bin/europa -I C:/intelfpga_lite/17.0/quartus/sopc_builder/bin/perl_lib -I C:/intelfpga_lite/17.0/quartus/sopc_builder/bin -I C:/intelfpga_lite/17.0/quartus/../ip/altera/sopc_builder_ip/common -I C:/intelfpga_lite/17.0/quartus/../ip/altera/sopc_builder_ip/altera_avalon_jtag_uart -- C:/intelfpga_lite/17.0/quartus/../ip/altera/sopc_builder_ip/altera_avalon_jtag_uart/generate_rtl.pl --name=RFS_WiFi_jtag_uart --dir=C:/Users/Kdeep/AppData/Local/Temp/alt9089_3352194894359385461.dir/0010_jtag_uart_gen/ --quartus_dir=C:/intelfpga_lite/17.0/quartus --verilog --config=C:/Users/Kdeep/AppData/Local/Temp/alt9089_3352194894359385461.dir/0010_jtag_uart_gen//RFS_WiFi_jtag_uart_component_configuration.pl  --do_build_sim=0  ]
Info: jtag_uart: Done RTL generation for module 'RFS_WiFi_jtag_uart'
Info: jtag_uart: "RFS_WiFi" instantiated altera_avalon_jtag_uart "jtag_uart"
Info: nios2_gen2_0: "RFS_WiFi" instantiated altera_nios2_gen2 "nios2_gen2_0"
Info: onchip_memory2: Starting RTL generation for module 'RFS_WiFi_onchip_memory2'
Info: onchip_memory2:   Generation command is [exec C:/intelfpga_lite/17.0/quartus/bin64/perl/bin/perl.exe -I C:/intelfpga_lite/17.0/quartus/bin64/perl/lib -I C:/intelfpga_lite/17.0/quartus/sopc_builder/bin/europa -I C:/intelfpga_lite/17.0/quartus/sopc_builder/bin/perl_lib -I C:/intelfpga_lite/17.0/quartus/sopc_builder/bin -I C:/intelfpga_lite/17.0/quartus/../ip/altera/sopc_builder_ip/common -I C:/intelfpga_lite/17.0/quartus/../ip/altera/sopc_builder_ip/altera_avalon_onchip_memory2 -- C:/intelfpga_lite/17.0/quartus/../ip/altera/sopc_builder_ip/altera_avalon_onchip_memory2/generate_rtl.pl --name=RFS_WiFi_onchip_memory2 --dir=C:/Users/Kdeep/AppData/Local/Temp/alt9089_3352194894359385461.dir/0011_onchip_memory2_gen/ --quartus_dir=C:/intelfpga_lite/17.0/quartus --verilog --config=C:/Users/Kdeep/AppData/Local/Temp/alt9089_3352194894359385461.dir/0011_onchip_memory2_gen//RFS_WiFi_onchip_memory2_component_configuration.pl  --do_build_sim=0  ]
Info: onchip_memory2: Done RTL generation for module 'RFS_WiFi_onchip_memory2'
Info: onchip_memory2: "RFS_WiFi" instantiated altera_avalon_onchip_memory2 "onchip_memory2"
Info: pio_key: Starting RTL generation for module 'RFS_WiFi_pio_key'
Info: pio_key:   Generation command is [exec C:/intelfpga_lite/17.0/quartus/bin64/perl/bin/perl.exe -I C:/intelfpga_lite/17.0/quartus/bin64/perl/lib -I C:/intelfpga_lite/17.0/quartus/sopc_builder/bin/europa -I C:/intelfpga_lite/17.0/quartus/sopc_builder/bin/perl_lib -I C:/intelfpga_lite/17.0/quartus/sopc_builder/bin -I C:/intelfpga_lite/17.0/quartus/../ip/altera/sopc_builder_ip/common -I C:/intelfpga_lite/17.0/quartus/../ip/altera/sopc_builder_ip/altera_avalon_pio -- C:/intelfpga_lite/17.0/quartus/../ip/altera/sopc_builder_ip/altera_avalon_pio/generate_rtl.pl --name=RFS_WiFi_pio_key --dir=C:/Users/Kdeep/AppData/Local/Temp/alt9089_3352194894359385461.dir/0012_pio_key_gen/ --quartus_dir=C:/intelfpga_lite/17.0/quartus --verilog --config=C:/Users/Kdeep/AppData/Local/Temp/alt9089_3352194894359385461.dir/0012_pio_key_gen//RFS_WiFi_pio_key_component_configuration.pl  --do_build_sim=0  ]
Info: pio_key: Done RTL generation for module 'RFS_WiFi_pio_key'
Info: pio_key: "RFS_WiFi" instantiated altera_avalon_pio "pio_key"
Info: pio_led: Starting RTL generation for module 'RFS_WiFi_pio_led'
Info: pio_led:   Generation command is [exec C:/intelfpga_lite/17.0/quartus/bin64/perl/bin/perl.exe -I C:/intelfpga_lite/17.0/quartus/bin64/perl/lib -I C:/intelfpga_lite/17.0/quartus/sopc_builder/bin/europa -I C:/intelfpga_lite/17.0/quartus/sopc_builder/bin/perl_lib -I C:/intelfpga_lite/17.0/quartus/sopc_builder/bin -I C:/intelfpga_lite/17.0/quartus/../ip/altera/sopc_builder_ip/common -I C:/intelfpga_lite/17.0/quartus/../ip/altera/sopc_builder_ip/altera_avalon_pio -- C:/intelfpga_lite/17.0/quartus/../ip/altera/sopc_builder_ip/altera_avalon_pio/generate_rtl.pl --name=RFS_WiFi_pio_led --dir=C:/Users/Kdeep/AppData/Local/Temp/alt9089_3352194894359385461.dir/0013_pio_led_gen/ --quartus_dir=C:/intelfpga_lite/17.0/quartus --verilog --config=C:/Users/Kdeep/AppData/Local/Temp/alt9089_3352194894359385461.dir/0013_pio_led_gen//RFS_WiFi_pio_led_component_configuration.pl  --do_build_sim=0  ]
Info: pio_led: Done RTL generation for module 'RFS_WiFi_pio_led'
Info: pio_led: "RFS_WiFi" instantiated altera_avalon_pio "pio_led"
Info: pio_wifi_reset: Starting RTL generation for module 'RFS_WiFi_pio_wifi_reset'
Info: pio_wifi_reset:   Generation command is [exec C:/intelfpga_lite/17.0/quartus/bin64/perl/bin/perl.exe -I C:/intelfpga_lite/17.0/quartus/bin64/perl/lib -I C:/intelfpga_lite/17.0/quartus/sopc_builder/bin/europa -I C:/intelfpga_lite/17.0/quartus/sopc_builder/bin/perl_lib -I C:/intelfpga_lite/17.0/quartus/sopc_builder/bin -I C:/intelfpga_lite/17.0/quartus/../ip/altera/sopc_builder_ip/common -I C:/intelfpga_lite/17.0/quartus/../ip/altera/sopc_builder_ip/altera_avalon_pio -- C:/intelfpga_lite/17.0/quartus/../ip/altera/sopc_builder_ip/altera_avalon_pio/generate_rtl.pl --name=RFS_WiFi_pio_wifi_reset --dir=C:/Users/Kdeep/AppData/Local/Temp/alt9089_3352194894359385461.dir/0014_pio_wifi_reset_gen/ --quartus_dir=C:/intelfpga_lite/17.0/quartus --verilog --config=C:/Users/Kdeep/AppData/Local/Temp/alt9089_3352194894359385461.dir/0014_pio_wifi_reset_gen//RFS_WiFi_pio_wifi_reset_component_configuration.pl  --do_build_sim=0  ]
Info: pio_wifi_reset: Done RTL generation for module 'RFS_WiFi_pio_wifi_reset'
Info: pio_wifi_reset: "RFS_WiFi" instantiated altera_avalon_pio "pio_wifi_reset"
Info: sysid_qsys: "RFS_WiFi" instantiated altera_avalon_sysid_qsys "sysid_qsys"
Info: timer: Starting RTL generation for module 'RFS_WiFi_timer'
Info: timer:   Generation command is [exec C:/intelFPGA_lite/17.0/quartus/bin64//perl/bin/perl.exe -I C:/intelFPGA_lite/17.0/quartus/bin64//perl/lib -I C:/intelfpga_lite/17.0/quartus/sopc_builder/bin/europa -I C:/intelfpga_lite/17.0/quartus/sopc_builder/bin/perl_lib -I C:/intelfpga_lite/17.0/quartus/sopc_builder/bin -I C:/intelfpga_lite/17.0/quartus/../ip/altera/sopc_builder_ip/common -I C:/intelfpga_lite/17.0/quartus/../ip/altera/sopc_builder_ip/altera_avalon_timer -- C:/intelfpga_lite/17.0/quartus/../ip/altera/sopc_builder_ip/altera_avalon_timer/generate_rtl.pl --name=RFS_WiFi_timer --dir=C:/Users/Kdeep/AppData/Local/Temp/alt9089_3352194894359385461.dir/0016_timer_gen/ --quartus_dir=C:/intelfpga_lite/17.0/quartus --verilog --config=C:/Users/Kdeep/AppData/Local/Temp/alt9089_3352194894359385461.dir/0016_timer_gen//RFS_WiFi_timer_component_configuration.pl  --do_build_sim=0  ]
Info: timer: Done RTL generation for module 'RFS_WiFi_timer'
Info: timer: "RFS_WiFi" instantiated altera_avalon_timer "timer"
Info: wifi_uart0: Starting RTL generation for module 'RFS_WiFi_wifi_uart0'
Info: wifi_uart0:   Generation command is [exec C:/intelfpga_lite/17.0/quartus/bin64/perl/bin/perl.exe -I C:/intelfpga_lite/17.0/quartus/bin64/perl/lib -I C:/intelfpga_lite/17.0/quartus/sopc_builder/bin/europa -I C:/intelfpga_lite/17.0/quartus/sopc_builder/bin/perl_lib -I C:/intelfpga_lite/17.0/quartus/sopc_builder/bin -I C:/intelfpga_lite/17.0/quartus/../ip/altera/sopc_builder_ip/common -I C:/intelfpga_lite/17.0/quartus/../ip/altera/sopc_builder_ip/altera_avalon_uart -- C:/intelfpga_lite/17.0/quartus/../ip/altera/sopc_builder_ip/altera_avalon_uart/generate_rtl.pl --name=RFS_WiFi_wifi_uart0 --dir=C:/Users/Kdeep/AppData/Local/Temp/alt9089_3352194894359385461.dir/0017_wifi_uart0_gen/ --quartus_dir=C:/intelfpga_lite/17.0/quartus --verilog --config=C:/Users/Kdeep/AppData/Local/Temp/alt9089_3352194894359385461.dir/0017_wifi_uart0_gen//RFS_WiFi_wifi_uart0_component_configuration.pl  --do_build_sim=0  ]
Info: wifi_uart0: Done RTL generation for module 'RFS_WiFi_wifi_uart0'
Info: wifi_uart0: "RFS_WiFi" instantiated altera_avalon_uart "wifi_uart0"
Info: avalon_st_adapter: Inserting error_adapter: error_adapter_0
Info: avalon_st_adapter_001: Inserting error_adapter: error_adapter_0
Info: avalon_st_adapter_002: Inserting error_adapter: error_adapter_0
Info: avalon_st_adapter_003: Inserting error_adapter: error_adapter_0
Info: avalon_st_adapter_004: Inserting error_adapter: error_adapter_0
Info: avalon_st_adapter_005: Inserting error_adapter: error_adapter_0
Info: avalon_st_adapter_006: Inserting error_adapter: error_adapter_0
Info: avalon_st_adapter_007: Inserting error_adapter: error_adapter_0
Info: avalon_st_adapter_008: Inserting error_adapter: error_adapter_0
Info: avalon_st_adapter_009: Inserting error_adapter: error_adapter_0
Info: avalon_st_adapter_010: Inserting error_adapter: error_adapter_0
Info: avalon_st_adapter_011: Inserting error_adapter: error_adapter_0
Info: avalon_st_adapter_012: Inserting error_adapter: error_adapter_0
Info: mm_interconnect_0: "RFS_WiFi" instantiated altera_mm_interconnect "mm_interconnect_0"
Info: irq_mapper: "RFS_WiFi" instantiated altera_irq_mapper "irq_mapper"
Info: rst_controller: "RFS_WiFi" instantiated altera_reset_controller "rst_controller"
Info: cpu: Starting RTL generation for module 'RFS_WiFi_nios2_gen2_0_cpu'
Info: cpu:   Generation command is [exec C:/intelFPGA_lite/17.0/quartus/bin64//eperlcmd.exe -I C:/intelFPGA_lite/17.0/quartus/bin64//perl/lib -I C:/intelfpga_lite/17.0/quartus/sopc_builder/bin/europa -I C:/intelfpga_lite/17.0/quartus/sopc_builder/bin/perl_lib -I C:/intelfpga_lite/17.0/quartus/sopc_builder/bin -I C:/intelfpga_lite/17.0/quartus/../ip/altera/nios2_ip/altera_nios2_gen2/cpu_lib -I C:/intelfpga_lite/17.0/quartus/../ip/altera/nios2_ip/altera_nios2_gen2/nios_lib -I C:/intelfpga_lite/17.0/quartus/../ip/altera/nios2_ip/altera_nios2_gen2 -I C:/intelfpga_lite/17.0/quartus/../ip/altera/nios2_ip/altera_nios2_gen2 -- C:/intelfpga_lite/17.0/quartus/../ip/altera/nios2_ip/altera_nios2_gen2/generate_rtl.epl --name=RFS_WiFi_nios2_gen2_0_cpu --dir=C:/Users/Kdeep/AppData/Local/Temp/alt9089_3352194894359385461.dir/0020_cpu_gen/ --quartus_bindir=C:/intelFPGA_lite/17.0/quartus/bin64/ --verilog --config=C:/Users/Kdeep/AppData/Local/Temp/alt9089_3352194894359385461.dir/0020_cpu_gen//RFS_WiFi_nios2_gen2_0_cpu_processor_configuration.pl  --do_build_sim=0  ]
Info: cpu: # 2022.04.06 19:22:01 (*) Starting Nios II generation
Info: cpu: # 2022.04.06 19:22:01 (*)   Checking for plaintext license.
Info: cpu: # 2022.04.06 19:22:02 (*)   Couldn't query license setup in Quartus directory C:/intelFPGA_lite/17.0/quartus/bin64/
Info: cpu: # 2022.04.06 19:22:02 (*)   Defaulting to contents of LM_LICENSE_FILE environment variable
Info: cpu: # 2022.04.06 19:22:02 (*)   LM_LICENSE_FILE environment variable is empty
Info: cpu: # 2022.04.06 19:22:02 (*)   Plaintext license not found.
Info: cpu: # 2022.04.06 19:22:02 (*)   No license required to generate encrypted Nios II/e.
Info: cpu: # 2022.04.06 19:22:02 (*)   Elaborating CPU configuration settings
Info: cpu: # 2022.04.06 19:22:02 (*)   Creating all objects for CPU
Info: cpu: # 2022.04.06 19:22:04 (*)   Generating RTL from CPU objects
Info: cpu: # 2022.04.06 19:22:04 (*)   Creating plain-text RTL
Info: cpu: # 2022.04.06 19:22:04 (*) Done Nios II generation
Info: cpu: Done RTL generation for module 'RFS_WiFi_nios2_gen2_0_cpu'
Info: cpu: "nios2_gen2_0" instantiated altera_nios2_gen2_unit "cpu"
Info: nios2_gen2_0_data_master_translator: "mm_interconnect_0" instantiated altera_merlin_master_translator "nios2_gen2_0_data_master_translator"
Info: jtag_uart_avalon_jtag_slave_translator: "mm_interconnect_0" instantiated altera_merlin_slave_translator "jtag_uart_avalon_jtag_slave_translator"
Info: nios2_gen2_0_data_master_agent: "mm_interconnect_0" instantiated altera_merlin_master_agent "nios2_gen2_0_data_master_agent"
Info: jtag_uart_avalon_jtag_slave_agent: "mm_interconnect_0" instantiated altera_merlin_slave_agent "jtag_uart_avalon_jtag_slave_agent"
Info: jtag_uart_avalon_jtag_slave_agent_rsp_fifo: "mm_interconnect_0" instantiated altera_avalon_sc_fifo "jtag_uart_avalon_jtag_slave_agent_rsp_fifo"
Info: router: "mm_interconnect_0" instantiated altera_merlin_router "router"
Info: router_001: "mm_interconnect_0" instantiated altera_merlin_router "router_001"
Info: router_002: "mm_interconnect_0" instantiated altera_merlin_router "router_002"
Info: router_005: "mm_interconnect_0" instantiated altera_merlin_router "router_005"
Info: cmd_demux: "mm_interconnect_0" instantiated altera_merlin_demultiplexer "cmd_demux"
Info: cmd_demux_001: "mm_interconnect_0" instantiated altera_merlin_demultiplexer "cmd_demux_001"
Info: cmd_mux: "mm_interconnect_0" instantiated altera_merlin_multiplexer "cmd_mux"
Info: cmd_mux_003: "mm_interconnect_0" instantiated altera_merlin_multiplexer "cmd_mux_003"
Info: Reusing file C:/CPEN391/integration/DE2_115_WiFi_Network_Time/RFS_WiFi/synthesis/submodules/altera_merlin_arbitrator.sv
Info: rsp_demux: "mm_interconnect_0" instantiated altera_merlin_demultiplexer "rsp_demux"
Info: rsp_mux: "mm_interconnect_0" instantiated altera_merlin_multiplexer "rsp_mux"
Info: Reusing file C:/CPEN391/integration/DE2_115_WiFi_Network_Time/RFS_WiFi/synthesis/submodules/altera_merlin_arbitrator.sv
Info: rsp_mux_001: "mm_interconnect_0" instantiated altera_merlin_multiplexer "rsp_mux_001"
Info: Reusing file C:/CPEN391/integration/DE2_115_WiFi_Network_Time/RFS_WiFi/synthesis/submodules/altera_merlin_arbitrator.sv
Info: avalon_st_adapter: "mm_interconnect_0" instantiated altera_avalon_st_adapter "avalon_st_adapter"
Info: error_adapter_0: "avalon_st_adapter" instantiated error_adapter "error_adapter_0"
Info: RFS_WiFi: Done "RFS_WiFi" with 36 modules, 51 files
Info: qsys-generate succeeded.
Info: Finished: Create HDL design files for synthesis
